\BOOKMARK [0][-]{chapter*.5}{\376\377\000I\000N\000T\000R\000O\000D\000U\000C\000C\000I\000\323\000N}{}% 1
\BOOKMARK [0][-]{chapter.1}{\376\377\000F\000U\000N\000D\000A\000M\000E\000N\000T\000O\000S\000\040\000Y\000\040\000T\000R\000A\000B\000A\000J\000O\000\040\000P\000R\000E\000V\000I\000O}{}% 2
\BOOKMARK [1][-]{section.1.1}{\376\377\000C\000\301\000N\000C\000E\000R\000\040\000D\000E\000\040\000P\000R\000\323\000S\000T\000A\000T\000A\000\040\000Y\000\040\000S\000E\000C\000U\000E\000N\000C\000I\000A\000S\000\040\000B\000P\000-\000M\000R\000I}{chapter.1}% 3
\BOOKMARK [2][-]{subsection.1.1.1}{\376\377\000S\000e\000c\000u\000e\000n\000c\000i\000a\000\040\000d\000e\000\040\000i\000m\000a\000g\000e\000n\000\040\000p\000o\000n\000d\000e\000r\000a\000d\000a\000\040\000e\000n\000\040\000T\0002\000\040\000\050\000T\0002\000W\000I\000\051\000.\000\040}{section.1.1}% 4
\BOOKMARK [2][-]{subsection.1.1.2}{\376\377\000S\000e\000c\000u\000e\000n\000c\000i\000a\000\040\000d\000e\000\040\000i\000m\000a\000g\000e\000n\000\040\000p\000o\000n\000d\000e\000r\000a\000d\000a\000\040\000e\000n\000\040\000d\000i\000f\000u\000s\000i\000\363\000n\000\040\000\050\000D\000W\000I\000\051\000\040\000y\000\040\000m\000a\000p\000a\000s\000\040\000A\000D\000C\000.\000\040}{section.1.1}% 5
\BOOKMARK [1][-]{section.1.2}{\376\377\000E\000S\000T\000R\000A\000T\000E\000G\000I\000A\000S\000\040\000C\000O\000M\000P\000U\000T\000A\000C\000I\000O\000N\000A\000L\000E\000S\000\040\000D\000E\000\040\000L\000O\000C\000A\000L\000I\000Z\000A\000C\000I\000\323\000N}{chapter.1}% 6
\BOOKMARK [2][-]{subsection.1.2.1}{\376\377\000S\000i\000s\000t\000e\000m\000a\000s\000\040\000d\000e\000\040\000v\000e\000n\000t\000a\000n\000a\000\040\000d\000e\000s\000l\000i\000z\000a\000n\000t\000e\000.\000\040}{section.1.2}% 7
\BOOKMARK [2][-]{subsection.1.2.2}{\376\377\000S\000i\000s\000t\000e\000m\000a\000s\000\040\000d\000e\000\040\000b\000\372\000s\000q\000u\000e\000d\000a\000\040\000s\000e\000l\000e\000c\000t\000i\000v\000a\000.\000\040}{section.1.2}% 8
\BOOKMARK [2][-]{subsection.1.2.3}{\376\377\000S\000i\000s\000t\000e\000m\000a\000s\000\040\000b\000a\000s\000a\000d\000o\000s\000\040\000e\000n\000\040\000u\000n\000a\000\040\000\372\000n\000i\000c\000a\000\040\000o\000b\000s\000e\000r\000v\000a\000c\000i\000\363\000n\000.\000\040}{section.1.2}% 9
\BOOKMARK [1][-]{section.1.3}{\376\377\000A\000N\000T\000E\000C\000E\000D\000E\000N\000T\000E\000S\000\040\000L\000O\000C\000A\000L\000I\000Z\000A\000C\000I\000\323\000N\000\040\000D\000E\000\040\000L\000E\000S\000I\000O\000N\000E\000S\000\040\000C\000S\000-\000P\000C\000A}{chapter.1}% 10
\BOOKMARK [0][-]{chapter.2}{\376\377\000P\000R\000O\000B\000L\000E\000M\000A\000\040\000D\000E\000\040\000I\000N\000V\000E\000S\000T\000I\000G\000A\000C\000I\000\323\000N}{}% 11
\BOOKMARK [0][-]{chapter.3}{\376\377\000O\000B\000J\000E\000T\000I\000V\000O\000S}{}% 12
\BOOKMARK [0][-]{chapter.4}{\376\377\000M\000\311\000T\000O\000D\000O\000\040\000P\000R\000O\000P\000U\000E\000S\000T\000O}{}% 13
\BOOKMARK [1][-]{section.4.1}{\376\377\000C\000o\000n\000j\000u\000n\000t\000o\000\040\000d\000e\000\040\000d\000a\000t\000o\000s\000\040\000d\000e\000\040\000l\000e\000s\000i\000o\000n\000e\000s\000\040\000d\000e\000\040\000P\000r\000\363\000s\000t\000a\000t\000a}{chapter.4}% 14
\BOOKMARK [1][-]{section.4.2}{\376\377\000P\000r\000o\000c\000e\000s\000a\000m\000i\000e\000n\000t\000o\000\040\000d\000e\000\040\000d\000a\000t\000o\000s}{chapter.4}% 15
\BOOKMARK [1][-]{section.4.3}{\376\377\000R\000e\000d\000\040\000d\000e\000\040\000l\000o\000c\000a\000l\000i\000z\000a\000c\000i\000\363\000n\000\040\000d\000e\000\040\000l\000e\000s\000i\000o\000n\000e\000s\000\040\000s\000i\000g\000n\000i\000f\000i\000c\000a\000t\000i\000v\000a\000s\000\040\000d\000e\000\040\000c\000\341\000n\000c\000e\000r\000\040\000d\000e\000\040\000P\000r\000\363\000s\000t\000a\000t\000a}{chapter.4}% 16
\BOOKMARK [1][-]{section.4.4}{\376\377\000E\000x\000t\000r\000a\000c\000c\000i\000\363\000n\000\040\000d\000e\000\040\000c\000a\000r\000a\000c\000t\000e\000r\000\355\000s\000t\000i\000c\000a\000s}{chapter.4}% 17
\BOOKMARK [1][-]{section.4.5}{\376\377\000P\000r\000e\000d\000i\000c\000c\000i\000\363\000n\000\040\000d\000e\000\040\000r\000e\000g\000i\000o\000n\000e\000s}{chapter.4}% 18
\BOOKMARK [1][-]{section.4.6}{\376\377\000C\000o\000n\000t\000o\000r\000n\000o\000\040\000d\000e\000\040\000l\000e\000s\000i\000o\000n\000e\000s\000\040\000p\000a\000r\000a\000\040\000l\000a\000\040\000t\000a\000r\000e\000a\000\040\000d\000e\000\040\000l\000o\000c\000a\000l\000i\000z\000a\000c\000i\000\363\000n}{chapter.4}% 19
\BOOKMARK [0][-]{chapter.5}{\376\377\000D\000I\000S\000E\000\321\000O\000\040\000E\000X\000P\000E\000R\000I\000M\000E\000N\000T\000A\000L}{}% 20
\BOOKMARK [0][-]{chapter.6}{\376\377\000E\000V\000A\000L\000U\000A\000C\000I\000\323\000N\000\040\000Y\000\040\000R\000E\000S\000U\000L\000T\000A\000D\000O\000S}{}% 21
\BOOKMARK [0][-]{chapter.7}{\376\377\000C\000O\000N\000C\000L\000U\000S\000I\000O\000N\000E\000S\000\040\000Y\000\040\000T\000R\000A\000B\000A\000J\000O\000\040\000F\000U\000T\000U\000R\000O}{}% 22
